0 - Fri Nov 21 12:10:16 2025 - Data file opened. 
1 - Fri Nov 21 12:10:16 2025 -  
0 - Fri Nov 21 12:12:53 2025 - Data file opened.
 
1 - Fri Nov 21 12:12:54 2025 -  
2 - Fri Nov 21 12:12:54 2025 -  
3 - Fri Nov 21 12:12:54 2025 -  
4 - Fri Nov 21 12:12:59 2025 -  
5 - Fri Nov 21 12:12:59 2025 -  
6 - Fri Nov 21 12:12:59 2025 -  
7 - Fri Nov 21 12:12:59 2025 -  
0 - Fri Nov 21 12:13:47 2025 - Data file opened.
 
1 - Fri Nov 21 12:13:48 2025 -  
2 - Fri Nov 21 12:13:48 2025 -  
3 - Fri Nov 21 12:13:48 2025 -  
4 - Fri Nov 21 12:13:53 2025 -  
5 - Fri Nov 21 12:13:53 2025 -  
6 - Fri Nov 21 12:13:53 2025 -  
7 - Fri Nov 21 12:13:53 2025 -  
0 - Fri Nov 21 12:14:26 2025 - Data file opened.
 
1 - Fri Nov 21 12:14:27 2025 -  
2 - Fri Nov 21 12:14:27 2025 -  
3 - Fri Nov 21 12:14:27 2025 -  
4 - Fri Nov 21 12:14:32 2025 -  
5 - Fri Nov 21 12:14:32 2025 -  
6 - Fri Nov 21 12:14:32 2025 -  
0 - Fri Nov 21 12:14:55 2025 - Data file opened.
 
1 - Fri Nov 21 12:16:20 2025 -  
0 - Fri Nov 21 12:22:06 2025 - Data file opened.
 
1 - Fri Nov 21 12:22:07 2025 -  
2 - Fri Nov 21 12:22:07 2025 -  
3 - Fri Nov 21 12:22:07 2025 -  
4 - Fri Nov 21 12:22:12 2025 -  
5 - Fri Nov 21 12:22:12 2025 -  
6 - Fri Nov 21 12:22:12 2025 -  
0 - Fri Nov 21 12:28:58 2025 - Data file opened.
 
1 - Fri Nov 21 12:28:59 2025 - sensor 1 inserted.
 
2 - Fri Nov 21 12:28:59 2025 - sensor 2 inserted.
 
3 - Fri Nov 21 12:28:59 2025 - sensor 3 inserted.
 
4 - Fri Nov 21 12:29:04 2025 - sensor 4 inserted.
 
5 - Fri Nov 21 12:29:04 2025 - Data file closed.
 
0 - Fri Nov 21 12:29:35 2025 - Data file opened.
 
1 - Fri Nov 21 12:29:36 2025 -  
2 - Fri Nov 21 12:29:36 2025 -  
3 - Fri Nov 21 12:29:36 2025 -  
4 - Fri Nov 21 12:29:41 2025 -  
5 - Fri Nov 21 12:29:41 2025 -  
6 - Fri Nov 21 12:29:41 2025 -  
0 - Fri Nov 21 12:29:51 2025 - Data file opened.
 
1 - Fri Nov 21 12:29:52 2025 - sensor 1 inserted.
 
2 - Fri Nov 21 12:29:52 2025 - sensor 2 inserted.
 
3 - Fri Nov 21 12:29:52 2025 - sensor 3 inserted.
 
4 - Fri Nov 21 12:29:57 2025 - sensor 4 inserted.
 
5 - Fri Nov 21 12:29:57 2025 - Data file closed.
 
0 - Fri Nov 21 12:30:44 2025 - Data file opened.sensor 1 inserted.sensor 2 inserted.sensor 3 inserted.sensor 4 inserted.Data file closed.END
 
0 - Fri Nov 21 12:39:59 2025 - Data file opened.
0 - Fri Nov 21 12:40:35 2025 - Data file opened.
0 - Fri Nov 21 12:42:05 2025 - Data file opened.
1 - Fri Nov 21 12:42:06 2025 - sensor 1 inserted
2 - Fri Nov 21 12:42:06 2025 - sensor 2 inserted
3 - Fri Nov 21 12:42:06 2025 - sensor 3 inserted
4 - Fri Nov 21 12:42:11 2025 - sensor 4 inserted
5 - Fri Nov 21 12:42:11 2025 - Data file closed.
